Using pre-set license
Built from '2020.3/staging' branch; Version is '2020.3.20f1 (41c4e627c95f) revision 4310246'; Using compiler version '192528614'; Build Type 'Release'
OS: 'Windows 10 Enterprise LTSC 2019; OS build 17763.2114; Version 1809; 64bit' Language: 'fr' Physical Memory: 65432 MB
BatchMode: 1, IsHumanControllingUs: 0, StartBugReporterOnCrash: 0, Is64bit: 1, IsPro: 0

COMMAND LINE ARGUMENTS:
C:\Program Files\Unity\Hub\Editor\2020.3.20f1\Editor\Unity.exe
-adb2
-batchMode
-noUpm
-name
AssetImportWorker0
-projectPath
E:/_gamesprojects/CulturalHeistory
-logFile
Logs/AssetImportWorker0.log
-srvPort
65057
Successfully changed project path to: E:/_gamesprojects/CulturalHeistory
E:/_gamesprojects/CulturalHeistory
Using Asset Import Pipeline V2.
Refreshing native plugins compatible for Editor in 24.87 ms, found 2 plugins.
Preloading 0 native plugins for Editor in 0.00 ms.
Initialize engine version: 2020.3.20f1 (41c4e627c95f)
[Subsystems] Discovering subsystems at path C:/Program Files/Unity/Hub/Editor/2020.3.20f1/Editor/Data/Resources/UnitySubsystems
[Subsystems] Discovering subsystems at path E:/_gamesprojects/CulturalHeistory/Assets
GfxDevice: creating device client; threaded=0
Direct3D:
    Version:  Direct3D 11.0 [level 11.1]
    Renderer: NVIDIA GeForce RTX 2070 (ID=0x1f14)
    Vendor:   
    VRAM:     8031 MB
    Driver:   27.21.14.6275
Initialize mono
Mono path[0] = 'C:/Program Files/Unity/Hub/Editor/2020.3.20f1/Editor/Data/Managed'
Mono path[1] = 'C:/Program Files/Unity/Hub/Editor/2020.3.20f1/Editor/Data/MonoBleedingEdge/lib/mono/unityjit'
Mono config path = 'C:/Program Files/Unity/Hub/Editor/2020.3.20f1/Editor/Data/MonoBleedingEdge/etc'
Using monoOptions --debugger-agent=transport=dt_socket,embedding=1,server=y,suspend=n,address=127.0.0.1:56704
Begin MonoManager ReloadAssembly
Registering precompiled unity dll's ...
Register platform support module: C:/Program Files/Unity/Hub/Editor/2020.3.20f1/Editor/Data/PlaybackEngines/WindowsStandaloneSupport/UnityEditor.WindowsStandalone.Extensions.dll
Registered in 0.000990 seconds.
Native extension for WindowsStandalone target not found
Refreshing native plugins compatible for Editor in 25.80 ms, found 2 plugins.
Preloading 0 native plugins for Editor in 0.00 ms.
Mono: successfully reloaded assembly
- Completed reload, in  0.836 seconds
Domain Reload Profiling:
	ReloadAssembly (836ms)
		BeginReloadAssembly (38ms)
			ExecutionOrderSort (0ms)
			DisableScriptedObjects (0ms)
			BackupInstance (0ms)
			ReleaseScriptingObjects (0ms)
			CreateAndSetChildDomain (1ms)
		EndReloadAssembly (305ms)
			LoadAssemblies (37ms)
			RebuildTransferFunctionScriptingTraits (0ms)
			SetupTypeCache (112ms)
			ReleaseScriptCaches (0ms)
			RebuildScriptCaches (23ms)
			SetupLoadedEditorAssemblies (120ms)
				LogAssemblyErrors (0ms)
				InitializePlatformSupportModulesInManaged (3ms)
				SetLoadedEditorAssemblies (0ms)
				RefreshPlugins (26ms)
				BeforeProcessingInitializeOnLoad (7ms)
				ProcessInitializeOnLoadAttributes (62ms)
				ProcessInitializeOnLoadMethodAttributes (21ms)
				AfterProcessingInitializeOnLoad (0ms)
				EditorAssembliesLoaded (0ms)
			ExecutionOrderSort2 (0ms)
			AwakeInstancesAfterBackupRestoration (0ms)
Platform modules already initialized, skipping
Registering precompiled user dll's ...
Registered in 0.001350 seconds.
Begin MonoManager ReloadAssembly
Native extension for WindowsStandalone target not found
Refreshing native plugins compatible for Editor in 0.32 ms, found 2 plugins.
Preloading 0 native plugins for Editor in 0.00 ms.
Mono: successfully reloaded assembly
- Completed reload, in  0.757 seconds
Domain Reload Profiling:
	ReloadAssembly (757ms)
		BeginReloadAssembly (111ms)
			ExecutionOrderSort (0ms)
			DisableScriptedObjects (3ms)
			BackupInstance (0ms)
			ReleaseScriptingObjects (0ms)
			CreateAndSetChildDomain (15ms)
		EndReloadAssembly (599ms)
			LoadAssemblies (60ms)
			RebuildTransferFunctionScriptingTraits (0ms)
			SetupTypeCache (204ms)
			ReleaseScriptCaches (0ms)
			RebuildScriptCaches (37ms)
			SetupLoadedEditorAssemblies (224ms)
				LogAssemblyErrors (0ms)
				InitializePlatformSupportModulesInManaged (4ms)
				SetLoadedEditorAssemblies (0ms)
				RefreshPlugins (0ms)
				BeforeProcessingInitializeOnLoad (39ms)
				ProcessInitializeOnLoadAttributes (174ms)
				ProcessInitializeOnLoadMethodAttributes (3ms)
				AfterProcessingInitializeOnLoad (3ms)
				EditorAssembliesLoaded (0ms)
			ExecutionOrderSort2 (0ms)
			AwakeInstancesAfterBackupRestoration (5ms)
Platform modules already initialized, skipping
========================================================================
Worker process is ready to serve import requests
Launched and connected shader compiler UnityShaderCompiler.exe after 0.03 seconds
Refreshing native plugins compatible for Editor in 0.33 ms, found 2 plugins.
Preloading 0 native plugins for Editor in 0.00 ms.
Unloading 1568 Unused Serialized files (Serialized files now loaded: 0)
System memory in use before: 71.5 MB.
System memory in use after: 71.6 MB.

Unloading 17 unused Assets to reduce memory usage. Loaded Objects now: 2004.
Total: 2.562700 ms (FindLiveObjects: 0.165300 ms CreateObjectMapping: 0.035700 ms MarkObjects: 2.307400 ms  DeleteObjects: 0.053500 ms)

AssetImportParameters requested are different than current active one (requested -> active):
  custom:framework-win-MediaFoundation: 216162199b28c13a410421893ffa2e32 -> 
  custom:video-decoder-ogg-theora: a1e56fd34408186e4bbccfd4996cb3dc -> 
  custom:container-muxer-webm: aa71ff27fc2769a1b78a27578f13a17b -> 
  custom:container-demuxer-webm: 4f35f7cbe854078d1ac9338744f61a02 -> 
  custom:container-demuxer-ogg: 62fdf1f143b41e24485cea50d1cbac27 -> 
  custom:video-encoder-webm-vp8: eb34c28f22e8b96e1ab97ce403110664 -> 
  custom:video-decoder-webm-vp8: 9c59270c3fd7afecdb556c50c9e8de78 -> 
  custom:audio-decoder-ogg-vorbis: bf7c407c2cedff20999df2af8eb42d56 -> 
  custom:audio-encoder-webm-vorbis: bf7c407c2cedff20999df2af8eb42d56 -> 
========================================================================
Received Import Request.
  path: Assets/Prefabs/UI.prefab
  artifactKey: Guid(1f0f9e22092e45243b6926a3a73eae53) Importer(815301076,1909f56bfc062723c751e8b465ee728b)
Start importing Assets/Prefabs/UI.prefab using Guid(1f0f9e22092e45243b6926a3a73eae53) Importer(815301076,1909f56bfc062723c751e8b465ee728b)  -> (artifact id: '30a0bb02aa82a6e1c18d5f993917fe24') in 0.175327 seconds 
  Import took 0.177779 seconds .

========================================================================
Received Import Request.
  Time since last request: 0.000163 seconds.
  path: Assets/Prefabs/Slot 1.prefab
  artifactKey: Guid(a4129fde8a10ac64fbf807026397d60a) Importer(815301076,1909f56bfc062723c751e8b465ee728b)
Start importing Assets/Prefabs/Slot 1.prefab using Guid(a4129fde8a10ac64fbf807026397d60a) Importer(815301076,1909f56bfc062723c751e8b465ee728b)  -> (artifact id: '37dff17950570c55fdfd3f31a4cc5600') in 0.002517 seconds 
  Import took 0.004422 seconds .

========================================================================
Received Import Request.
  Time since last request: 0.000105 seconds.
  path: Assets/Prefabs/Bracelet.prefab
  artifactKey: Guid(6b808bffd586f6946a835e8ee6fbf79b) Importer(815301076,1909f56bfc062723c751e8b465ee728b)
Start importing Assets/Prefabs/Bracelet.prefab using Guid(6b808bffd586f6946a835e8ee6fbf79b) Importer(815301076,1909f56bfc062723c751e8b465ee728b)  -> (artifact id: '757b1dfce3739bbfbff0b7154df7ab3a') in 0.282957 seconds 
  Import took 0.284973 seconds .

========================================================================
Received Import Request.
  Time since last request: 0.000167 seconds.
  path: Assets/Prefabs/Guard.prefab
  artifactKey: Guid(b87fa3c8468bf1b449cc03722e473d3d) Importer(815301076,1909f56bfc062723c751e8b465ee728b)
Start importing Assets/Prefabs/Guard.prefab using Guid(b87fa3c8468bf1b449cc03722e473d3d) Importer(815301076,1909f56bfc062723c751e8b465ee728b)  -> (artifact id: '1d2fbdc39b7e8a8374adc15988d3c1c8') in 0.008959 seconds 
  Import took 0.011137 seconds .

========================================================================
Received Import Request.
  Time since last request: 0.000145 seconds.
  path: Assets/Prefabs/Diamond.prefab
  artifactKey: Guid(de1ee895ea9cd0f4bab023bfc082ac06) Importer(815301076,1909f56bfc062723c751e8b465ee728b)
Start importing Assets/Prefabs/Diamond.prefab using Guid(de1ee895ea9cd0f4bab023bfc082ac06) Importer(815301076,1909f56bfc062723c751e8b465ee728b)  -> (artifact id: '681df918e4b22b0f563642211dba4c81') in 0.004871 seconds 
  Import took 0.006813 seconds .

========================================================================
Received Import Request.
  Time since last request: 0.305968 seconds.
  path: Assets/Materials/Treasure1.mat
  artifactKey: Guid(ebfe4aa81d73da64ead691179d8c0f80) Importer(815301076,1909f56bfc062723c751e8b465ee728b)
Start importing Assets/Materials/Treasure1.mat using Guid(ebfe4aa81d73da64ead691179d8c0f80) Importer(815301076,1909f56bfc062723c751e8b465ee728b)  -> (artifact id: '281da3cbb867699a66f5dc40e7a22984') in 0.021860 seconds 
  Import took 0.024031 seconds .

========================================================================
Received Import Request.
  Time since last request: 0.000140 seconds.
  path: Assets/Materials/Treasure2.mat
  artifactKey: Guid(a7f53d2106cadc1479d820b6912eac34) Importer(815301076,1909f56bfc062723c751e8b465ee728b)
Start importing Assets/Materials/Treasure2.mat using Guid(a7f53d2106cadc1479d820b6912eac34) Importer(815301076,1909f56bfc062723c751e8b465ee728b)  -> (artifact id: '7558f8355702ad23affaac18eb326b43') in 0.007156 seconds 
  Import took 0.009034 seconds .

========================================================================
Received Import Request.
  Time since last request: 0.000141 seconds.
  path: Assets/Materials/ViewVisualization.mat
  artifactKey: Guid(b5909d9b0b4713540b7e14b2b4ccfad2) Importer(815301076,1909f56bfc062723c751e8b465ee728b)
Start importing Assets/Materials/ViewVisualization.mat using Guid(b5909d9b0b4713540b7e14b2b4ccfad2) Importer(815301076,1909f56bfc062723c751e8b465ee728b)  -> (artifact id: '0fb80b6e1dfbd70548b2178ed918db38') in 0.009982 seconds 
  Import took 0.011922 seconds .

========================================================================
Received Import Request.
  Time since last request: 16.407557 seconds.
  path: Assets/Models/thief
  artifactKey: Guid(4be07d17cd05d91418f0fd7ce8ea4c46) Importer(815301076,1909f56bfc062723c751e8b465ee728b)
Start importing Assets/Models/thief using Guid(4be07d17cd05d91418f0fd7ce8ea4c46) Importer(815301076,1909f56bfc062723c751e8b465ee728b)  -> (artifact id: '65d39c027ed68a21eca9ee8ecf989914') in 0.001062 seconds 
  Import took 0.003298 seconds .

========================================================================
Received Import Request.
  Time since last request: 24.886230 seconds.
  path: Assets/Models/thief/thief.fbx
  artifactKey: Guid(1eadc276c95673746b160a6438dfbdba) Importer(815301076,1909f56bfc062723c751e8b465ee728b)
Start importing Assets/Models/thief/thief.fbx using Guid(1eadc276c95673746b160a6438dfbdba) Importer(815301076,1909f56bfc062723c751e8b465ee728b)  -> (artifact id: 'd15c6e12f5f1514f6aaf71a7c05c1e00') in 0.067386 seconds 
  Import took 0.070258 seconds .

========================================================================
Received Import Request.
  Time since last request: 0.000178 seconds.
  path: Assets/Models/thief/thief_idle 2.fbx
  artifactKey: Guid(ed447a1c004c08f418e0d58b047625c8) Importer(815301076,1909f56bfc062723c751e8b465ee728b)
Start importing Assets/Models/thief/thief_idle 2.fbx using Guid(ed447a1c004c08f418e0d58b047625c8) Importer(815301076,1909f56bfc062723c751e8b465ee728b)  -> (artifact id: 'c9a6d24470148be31146b39c5a7a4a0f') in 0.070507 seconds 
  Import took 0.073680 seconds .

========================================================================
Received Import Request.
  Time since last request: 0.000167 seconds.
  path: Assets/Models/thief/thief_tpose.fbx
  artifactKey: Guid(3b6ddadf1d5520c40999dc8b8a79fbf8) Importer(815301076,1909f56bfc062723c751e8b465ee728b)
Start importing Assets/Models/thief/thief_tpose.fbx using Guid(3b6ddadf1d5520c40999dc8b8a79fbf8) Importer(815301076,1909f56bfc062723c751e8b465ee728b)  -> (artifact id: '0db673dedce644d744b7f577b77572c1') in 0.071808 seconds 
  Import took 0.074929 seconds .

========================================================================
Received Import Request.
  Time since last request: 0.000161 seconds.
  path: Assets/Models/thief/thief_hello.fbx
  artifactKey: Guid(a993794313c21094993601b153cd1db2) Importer(815301076,1909f56bfc062723c751e8b465ee728b)
Start importing Assets/Models/thief/thief_hello.fbx using Guid(a993794313c21094993601b153cd1db2) Importer(815301076,1909f56bfc062723c751e8b465ee728b)  -> (artifact id: '5f4dc7245fde8ede2f5f941eb0fc1a83') in 0.073673 seconds 
  Import took 0.076459 seconds .

========================================================================
Received Import Request.
  Time since last request: 0.000139 seconds.
  path: Assets/Models/thief/thief_walk est.fbx
  artifactKey: Guid(577254c2607aa0d47b957de5b8ca901c) Importer(815301076,1909f56bfc062723c751e8b465ee728b)
Start importing Assets/Models/thief/thief_walk est.fbx using Guid(577254c2607aa0d47b957de5b8ca901c) Importer(815301076,1909f56bfc062723c751e8b465ee728b)  -> (artifact id: 'd2c2baeb8eeb7b827e4b3ec8e5574531') in 0.072157 seconds 
  Import took 0.074686 seconds .

========================================================================
Received Import Request.
  Time since last request: 0.000156 seconds.
  path: Assets/Models/thief/thief_idle3.fbx
  artifactKey: Guid(253a03dc845779f438091c17ddc9c48c) Importer(815301076,1909f56bfc062723c751e8b465ee728b)
Start importing Assets/Models/thief/thief_idle3.fbx using Guid(253a03dc845779f438091c17ddc9c48c) Importer(815301076,1909f56bfc062723c751e8b465ee728b)  -> (artifact id: '827ab995e290dc4b1f27638dfdf904c1') in 0.065842 seconds 
  Import took 0.068563 seconds .

========================================================================
Received Import Request.
  Time since last request: 0.000150 seconds.
  path: Assets/Models/thief/thief_idle.fbx
  artifactKey: Guid(8d71574244a0f584cbcee658d8fcea22) Importer(815301076,1909f56bfc062723c751e8b465ee728b)
Start importing Assets/Models/thief/thief_idle.fbx using Guid(8d71574244a0f584cbcee658d8fcea22) Importer(815301076,1909f56bfc062723c751e8b465ee728b)  -> (artifact id: 'f99f11e905902a06db616956a70a4b6f') in 0.065092 seconds 
  Import took 0.068005 seconds .

========================================================================
Received Import Request.
  Time since last request: 0.000154 seconds.
  path: Assets/Models/thief/thief_walk west.fbx
  artifactKey: Guid(2df9b382bae038c49901af311dda4213) Importer(815301076,1909f56bfc062723c751e8b465ee728b)
Start importing Assets/Models/thief/thief_walk west.fbx using Guid(2df9b382bae038c49901af311dda4213) Importer(815301076,1909f56bfc062723c751e8b465ee728b)  -> (artifact id: '8dcf019ae21c093eeeec7d005813b7c9') in 0.069367 seconds 
  Import took 0.071899 seconds .

========================================================================
Received Import Request.
  Time since last request: 0.000156 seconds.
  path: Assets/Models/thief/thief_walk south.fbx
  artifactKey: Guid(6f6ac40a3b719514db721a37b1a96963) Importer(815301076,1909f56bfc062723c751e8b465ee728b)
Start importing Assets/Models/thief/thief_walk south.fbx using Guid(6f6ac40a3b719514db721a37b1a96963) Importer(815301076,1909f56bfc062723c751e8b465ee728b)  -> (artifact id: 'cdcd2a4101654c47658910cd82dcba17') in 0.069534 seconds 
  Import took 0.072078 seconds .

========================================================================
Received Import Request.
  Time since last request: 0.000153 seconds.
  path: Assets/Models/thief/thief_walk north.fbx
  artifactKey: Guid(0249cb650543912488f0865113546297) Importer(815301076,1909f56bfc062723c751e8b465ee728b)
Start importing Assets/Models/thief/thief_walk north.fbx using Guid(0249cb650543912488f0865113546297) Importer(815301076,1909f56bfc062723c751e8b465ee728b)  -> (artifact id: 'be9156a35a81ad3627da55c898856f5d') in 0.067525 seconds 
  Import took 0.070164 seconds .

========================================================================
Received Import Request.
  Time since last request: 177.606679 seconds.
  path: Assets/Models/thief/thief.fbx
  artifactKey: Guid(1eadc276c95673746b160a6438dfbdba) Importer(815301076,1909f56bfc062723c751e8b465ee728b)
Start importing Assets/Models/thief/thief.fbx using Guid(1eadc276c95673746b160a6438dfbdba) Importer(815301076,1909f56bfc062723c751e8b465ee728b)  -> (artifact id: 'fd68c512895d8a2393fbbaa76e1dd017') in 0.042873 seconds 
  Import took 0.045591 seconds .

========================================================================
Received Import Request.
  Time since last request: 68.982453 seconds.
  path: Assets/Models/thief/thief.fbx
  artifactKey: Guid(1eadc276c95673746b160a6438dfbdba) Importer(815301076,1909f56bfc062723c751e8b465ee728b)
Start importing Assets/Models/thief/thief.fbx using Guid(1eadc276c95673746b160a6438dfbdba) Importer(815301076,1909f56bfc062723c751e8b465ee728b)  -> (artifact id: '39539d08bad4772c09e6fae9e2c12c51') in 0.030269 seconds 
  Import took 0.032906 seconds .

========================================================================
Received Import Request.
  Time since last request: 27.038405 seconds.
  path: Assets/Models/thief/thief.fbx
  artifactKey: Guid(1eadc276c95673746b160a6438dfbdba) Importer(815301076,1909f56bfc062723c751e8b465ee728b)
Start importing Assets/Models/thief/thief.fbx using Guid(1eadc276c95673746b160a6438dfbdba) Importer(815301076,1909f56bfc062723c751e8b465ee728b)  -> (artifact id: '98f8e76d773225a533538918c9deef70') in 0.047348 seconds 
  Import took 0.049994 seconds .

========================================================================
Received Import Request.
  Time since last request: 3202.721198 seconds.
  path: Assets/Models/thief/New Animator Controller.controller
  artifactKey: Guid(c245b336f80c5104fa35e571107558c9) Importer(815301076,1909f56bfc062723c751e8b465ee728b)
Start importing Assets/Models/thief/New Animator Controller.controller using Guid(c245b336f80c5104fa35e571107558c9) Importer(815301076,1909f56bfc062723c751e8b465ee728b)  -> (artifact id: '7c1c7f6063e24d0861c676cc85a0888b') in 0.003080 seconds 
  Import took 0.005360 seconds .

========================================================================
Received Import Request.
  Time since last request: 5286.505133 seconds.
  path: Assets/Models/thief/thief_hello.fbx
  artifactKey: Guid(a993794313c21094993601b153cd1db2) Importer(815301076,1909f56bfc062723c751e8b465ee728b)
Start importing Assets/Models/thief/thief_hello.fbx using Guid(a993794313c21094993601b153cd1db2) Importer(815301076,1909f56bfc062723c751e8b465ee728b)  -> (artifact id: '16011cdcef7b22a905e84f2292456ca8') in 0.055974 seconds 
  Import took 0.058826 seconds .

========================================================================
Received Import Request.
  Time since last request: 605.391374 seconds.
  path: Assets/Models/thief/thief_idle 2.fbx
  artifactKey: Guid(ed447a1c004c08f418e0d58b047625c8) Importer(815301076,1909f56bfc062723c751e8b465ee728b)
Start importing Assets/Models/thief/thief_idle 2.fbx using Guid(ed447a1c004c08f418e0d58b047625c8) Importer(815301076,1909f56bfc062723c751e8b465ee728b)  -> (artifact id: '6fc6651585765e1eeb0e90f6e55ad27b') in 0.054327 seconds 
  Import took 0.057366 seconds .

========================================================================
Received Import Request.
  Time since last request: 26.429892 seconds.
  path: Assets/Models/thief/thief_idle.fbx
  artifactKey: Guid(8d71574244a0f584cbcee658d8fcea22) Importer(815301076,1909f56bfc062723c751e8b465ee728b)
Start importing Assets/Models/thief/thief_idle.fbx using Guid(8d71574244a0f584cbcee658d8fcea22) Importer(815301076,1909f56bfc062723c751e8b465ee728b)  -> (artifact id: 'fcf8808545d2834e04112cb136043289') in 0.049943 seconds 
  Import took 0.052832 seconds .

========================================================================
Received Import Request.
  Time since last request: 192.128048 seconds.
  path: Assets/Models/thief/thief_walk est.fbx
  artifactKey: Guid(577254c2607aa0d47b957de5b8ca901c) Importer(815301076,1909f56bfc062723c751e8b465ee728b)
Start importing Assets/Models/thief/thief_walk est.fbx using Guid(577254c2607aa0d47b957de5b8ca901c) Importer(815301076,1909f56bfc062723c751e8b465ee728b)  -> (artifact id: '8b112525da3845d5e48ab07b18777667') in 0.054528 seconds 
  Import took 0.057424 seconds .

========================================================================
Received Import Request.
  Time since last request: 288.744622 seconds.
  path: Assets/Models/thief/thief_walk north.fbx
  artifactKey: Guid(0249cb650543912488f0865113546297) Importer(815301076,1909f56bfc062723c751e8b465ee728b)
Start importing Assets/Models/thief/thief_walk north.fbx using Guid(0249cb650543912488f0865113546297) Importer(815301076,1909f56bfc062723c751e8b465ee728b)  -> (artifact id: '6ecfd720a326f80e76c8c51a7b892908') in 0.055140 seconds 
  Import took 0.058020 seconds .

========================================================================
Received Import Request.
  Time since last request: 14.779955 seconds.
  path: Assets/Models/thief/thief_walk south.fbx
  artifactKey: Guid(6f6ac40a3b719514db721a37b1a96963) Importer(815301076,1909f56bfc062723c751e8b465ee728b)
Start importing Assets/Models/thief/thief_walk south.fbx using Guid(6f6ac40a3b719514db721a37b1a96963) Importer(815301076,1909f56bfc062723c751e8b465ee728b)  -> (artifact id: '250f6680288d29280522712895639a02') in 0.050912 seconds 
  Import took 0.053770 seconds .

========================================================================
Received Import Request.
  Time since last request: 149.171562 seconds.
  path: Assets/Models/thief/thief_walk west.fbx
  artifactKey: Guid(2df9b382bae038c49901af311dda4213) Importer(815301076,1909f56bfc062723c751e8b465ee728b)
Start importing Assets/Models/thief/thief_walk west.fbx using Guid(2df9b382bae038c49901af311dda4213) Importer(815301076,1909f56bfc062723c751e8b465ee728b)  -> (artifact id: '9503af3f7cf013637cc7c323a88266c6') in 0.054202 seconds 
  Import took 0.257985 seconds .

AssetImportWorkerClient::OnTransportError - code=2 error=End of file
